Determining if the pthread_create exist failed with the following output:
Change Dir: /home/zhe/comms_ws/build/CMakeFiles/CMakeTmp

Run Build Command:"/usr/bin/make" "cmTC_192bc/fast"
/usr/bin/make -f CMakeFiles/cmTC_192bc.dir/build.make CMakeFiles/cmTC_192bc.dir/build
make[1]: Entering directory '/home/zhe/comms_ws/build/CMakeFiles/CMakeTmp'
Building C object CMakeFiles/cmTC_192bc.dir/CheckSymbolExists.c.o
/usr/bin/cc    -o CMakeFiles/cmTC_192bc.dir/CheckSymbolExists.c.o   -c /home/zhe/comms_ws/build/CMakeFiles/CMakeTmp/CheckSymbolExists.c
Linking C executable cmTC_192bc
/usr/bin/cmake -E cmake_link_script CMakeFiles/cmTC_192bc.dir/link.txt --verbose=1
/usr/bin/cc      -rdynamic CMakeFiles/cmTC_192bc.dir/CheckSymbolExists.c.o  -o cmTC_192bc 
CMakeFiles/cmTC_192bc.dir/CheckSymbolExists.c.o: In function `main':
CheckSymbolExists.c:(.text+0x1b): undefined reference to `pthread_create'
collect2: error: ld returned 1 exit status
CMakeFiles/cmTC_192bc.dir/build.make:97: recipe for target 'cmTC_192bc' failed
make[1]: *** [cmTC_192bc] Error 1
make[1]: Leaving directory '/home/zhe/comms_ws/build/CMakeFiles/CMakeTmp'
Makefile:126: recipe for target 'cmTC_192bc/fast' failed
make: *** [cmTC_192bc/fast] Error 2

File /home/zhe/comms_ws/build/CMakeFiles/CMakeTmp/CheckSymbolExists.c:
/* */
#include <pthread.h>

int main(int argc, char** argv)
{
  (void)argv;
#ifndef pthread_create
  return ((int*)(&pthread_create))[argc];
#else
  (void)argc;
  return 0;
#endif
}

Determining if the function pthread_create exists in the pthreads failed with the following output:
Change Dir: /home/zhe/comms_ws/build/CMakeFiles/CMakeTmp

Run Build Command:"/usr/bin/make" "cmTC_bf217/fast"
/usr/bin/make -f CMakeFiles/cmTC_bf217.dir/build.make CMakeFiles/cmTC_bf217.dir/build
make[1]: Entering directory '/home/zhe/comms_ws/build/CMakeFiles/CMakeTmp'
Building C object CMakeFiles/cmTC_bf217.dir/CheckFunctionExists.c.o
/usr/bin/cc   -DCHECK_FUNCTION_EXISTS=pthread_create   -o CMakeFiles/cmTC_bf217.dir/CheckFunctionExists.c.o   -c /usr/share/cmake-3.10/Modules/CheckFunctionExists.c
Linking C executable cmTC_bf217
/usr/bin/cmake -E cmake_link_script CMakeFiles/cmTC_bf217.dir/link.txt --verbose=1
/usr/bin/cc  -DCHECK_FUNCTION_EXISTS=pthread_create    -rdynamic CMakeFiles/cmTC_bf217.dir/CheckFunctionExists.c.o  -o cmTC_bf217 -lpthreads 
/usr/bin/ld: cannot find -lpthreads
collect2: error: ld returned 1 exit status
CMakeFiles/cmTC_bf217.dir/build.make:97: recipe for target 'cmTC_bf217' failed
make[1]: *** [cmTC_bf217] Error 1
make[1]: Leaving directory '/home/zhe/comms_ws/build/CMakeFiles/CMakeTmp'
Makefile:126: recipe for target 'cmTC_bf217/fast' failed
make: *** [cmTC_bf217/fast] Error 2


